<?xml version="1.0" encoding="UTF-8"?>
<!-- Generated by org.testng.reporters.JUnitReportReporter -->
<testsuite hostname="Suman" failures="0" tests="4" name="TrelloTestCases.AssessmentTask" time="32.517" errors="0" timestamp="2023-02-22T01:58:18 IST" skipped="0">
  <testcase classname="TrelloTestCases.AssessmentTask" name="createBoard" time="17.314"/>
  <system-out/>
  <testcase classname="TrelloTestCases.AssessmentTask" name="createList" time="12.706"/>
  <system-out/>
  <testcase classname="TrelloTestCases.AssessmentTask" name="createCard" time="1.344"/>
  <system-out/>
  <testcase classname="TrelloTestCases.AssessmentTask" name="moveCard" time="1.153"/>
  <system-out/>
</testsuite> <!-- TrelloTestCases.AssessmentTask -->
