<?xml version="1.0" encoding="UTF-8"?>
<!-- Generated by org.testng.reporters.JUnitReportReporter -->
<testsuite hostname="Suman" failures="0" tests="4" name="TrelloTestCases.AssessmentTask" time="32.938" errors="0" timestamp="2023-02-22T02:44:01 IST" skipped="0">
  <testcase classname="TrelloTestCases.AssessmentTask" name="createBoard" time="17.538"/>
  <system-out/>
  <testcase classname="TrelloTestCases.AssessmentTask" name="createList" time="12.685"/>
  <system-out/>
  <testcase classname="TrelloTestCases.AssessmentTask" name="createCard" time="1.470"/>
  <system-out/>
  <testcase classname="TrelloTestCases.AssessmentTask" name="moveCard" time="1.245"/>
  <system-out/>
</testsuite> <!-- TrelloTestCases.AssessmentTask -->
